\BOOKMARK [1][-]{section.1}{Astronomical Optics}{}% 1
\BOOKMARK [2][-]{subsection.1.1}{Single surface optics and definitions}{section.1}% 2
\BOOKMARK [2][-]{subsection.1.2}{Multi-surface systems}{section.1}% 3
\BOOKMARK [3][-]{subsubsection.1.2.1}{A lens \(has two surfaces\)}{subsection.1.2}% 4
\BOOKMARK [3][-]{subsubsection.1.2.2}{plane-parallel plate}{subsection.1.2}% 5
\BOOKMARK [3][-]{subsubsection.1.2.3}{Two-mirror telescopes}{subsection.1.2}% 6
\BOOKMARK [3][-]{subsubsection.1.2.4}{Definitions for multi-surface system: stops and pupils}{subsection.1.2}% 7
\BOOKMARK [2][-]{subsection.1.3}{Aberrations}{section.1}% 8
\BOOKMARK [3][-]{subsubsection.1.3.1}{Surface requirements for unaberrated images}{subsection.1.3}% 9
\BOOKMARK [3][-]{subsubsection.1.3.2}{Aberrations: general description and low-order aberrations}{subsection.1.3}% 10
\BOOKMARK [3][-]{subsubsection.1.3.3}{Aberration compensation and different telescope types}{subsection.1.3}% 11
\BOOKMARK [2][-]{subsection.1.4}{Sources of aberrations}{section.1}% 12
\BOOKMARK [2][-]{subsection.1.5}{Ray tracing}{section.1}% 13
\BOOKMARK [2][-]{subsection.1.6}{Physical \(diffraction\) optics}{section.1}% 14
\BOOKMARK [2][-]{subsection.1.7}{Adaptive optics}{section.1}% 15
\BOOKMARK [2][-]{subsection.1.8}{AO Examples}{section.1}% 16
\BOOKMARK [1][-]{section.2}{Telescopes}{}% 17
\BOOKMARK [2][-]{subsection.2.1}{Mirror coatings}{section.2}% 18
\BOOKMARK [2][-]{subsection.2.2}{Telescope mounts}{section.2}% 19
\BOOKMARK [2][-]{subsection.2.3}{Using telescopes}{section.2}% 20
\BOOKMARK [2][-]{subsection.2.4}{Planning observing}{section.2}% 21
\BOOKMARK [1][-]{section.3}{Instrumentation}{}% 22
\BOOKMARK [2][-]{subsection.3.1}{Location of optics}{section.3}% 23
\BOOKMARK [2][-]{subsection.3.2}{Refractive optics and chromatic aberration}{section.3}% 24
\BOOKMARK [2][-]{subsection.3.3}{Field Flatteners}{section.3}% 25
\BOOKMARK [2][-]{subsection.3.4}{Focal plane reimagers}{section.3}% 26
\BOOKMARK [2][-]{subsection.3.5}{Pupil reimagers}{section.3}% 27
\BOOKMARK [2][-]{subsection.3.6}{Filters}{section.3}% 28
\BOOKMARK [2][-]{subsection.3.7}{Fabry-Perot Interferometer}{section.3}% 29
\BOOKMARK [2][-]{subsection.3.8}{Spectrographs}{section.3}% 30
\BOOKMARK [2][-]{subsection.3.9}{Astronomical spectrographs}{section.3}% 31
\BOOKMARK [2][-]{subsection.3.10}{Dispersing elements}{section.3}% 32
\BOOKMARK [3][-]{subsubsection.3.10.1}{Prisms}{subsection.3.10}% 33
\BOOKMARK [3][-]{subsubsection.3.10.2}{Gratings}{subsection.3.10}% 34
\BOOKMARK [3][-]{subsubsection.3.10.3}{Grisms}{subsection.3.10}% 35
\BOOKMARK [2][-]{subsection.3.11}{Operational items: using a spectrograph}{section.3}% 36
\BOOKMARK [2][-]{subsection.3.12}{Non-dispersive spectroscopy}{section.3}% 37
\BOOKMARK [1][-]{section.4}{Detectors}{}% 38
\BOOKMARK [2][-]{subsection.4.1}{Basic Principles and Properties}{section.4}% 39
